<?xml version="1.0" encoding="UTF-8"?>

<beans xmlns="http://www.springframework.org/schema/beans" xmlns:xsi="http://www.w3.org/2001/XMLSchema-instance"
	xmlns:context="http://www.springframework.org/schema/context"
	xsi:schemaLocation="http://www.springframework.org/schema/beans http://www.springframework.org/schema/beans/spring-beans.xsd
		http://www.springframework.org/schema/context http://www.springframework.org/schema/context/spring-context.xsd">
    
    <!-- Uncomment and add your base-package here:
         <context:component-scan
            base-package="org.springframework.samples.service"/>  -->
	<bean id="fridgeReader" class="org.springframework.batch.item.file.FlatFileItemReader" >

        <!-- <property name="resource" value="file:./sample.csv" /> -->
        <property name="resource" value="classpath:fridge.csv" />
        <!-- <property name="resource" value="#{executionContext['fileResource']}" /> -->

        <property name="linesToSkip" value="1" />

        <property name="lineMapper">
            <bean class="org.springframework.batch.item.file.mapping.DefaultLineMapper">

                <property name="lineTokenizer">
                    <bean class="org.springframework.batch.item.file.transform.DelimitedLineTokenizer">
                        <property name="names" value="item,amount,unit,useBy" />
                    </bean>
                </property>

                <property name="fieldSetMapper">
                    <bean class="com.pactera.test.FridgeFieldSetMapper" />
                </property>
            </bean>
        </property>
    </bean>
    
    <bean id="fieldSetMapper"
		class="org.springframework.batch.item.file.mapping.BeanWrapperFieldSetMapper">
		<property name="prototypeBeanName" value="fridge" />
	</bean>

	<bean id="fridge" class="com.pactera.test.model.Fridge"
		scope="prototype" />
		
	<bean id="jsonparser" class="com.pactera.test.JSONDataParser">
		<constructor-arg ref="dataprocessor"/>
		<constructor-arg ref="gson"/>
	</bean>
	<bean id="csvparser" class="com.pactera.test.CSVDataParser">
		<constructor-arg ref="dataprocessor"/>
	</bean>
	
	<bean id="dataprocessor" class="com.pactera.test.DataProcessor" scope="singleton">
	</bean>
	
	<bean id="gson" class="com.google.gson.Gson" scope="singleton" >
	</bean>
	<bean id="parser" name="parser" class="org.mockito.Mockito" factory-method="mock">
		<constructor-arg value="com.pactera.test.DataParser"/>
	</bean>
		
</beans>
